<?xml version="1.0" encoding="UTF-8"?>
<!-- Generated by org.testng.reporters.JUnitReportReporter -->
<testsuite hostname="LAPTOP-DK6TK74Q" failures="0" tests="1" name="com.ramgyantra.parameter.gitPathParameterTest" time="6.018" errors="0" timestamp="2021-12-10T15:02:16 IST" skipped="0">
  <testcase classname="com.ramgyantra.parameter.gitPathParameterTest" name="gitPathParameter" time="6.018"/>
  <system-out/>
</testsuite> <!-- com.ramgyantra.parameter.gitPathParameterTest -->
