<?xml version="1.0" encoding="UTF-8"?>
<!-- Generated by org.testng.reporters.JUnitReportReporter -->
<testsuite hostname="LAPTOP-DK6TK74Q" failures="0" tests="1" name="com.rmgyantra.Different_ways_to_Post.createProjectUsingJSONFileTest" time="3.109" errors="0" timestamp="2021-12-08T17:04:45 IST" skipped="0">
  <testcase classname="com.rmgyantra.Different_ways_to_Post.createProjectUsingJSONFileTest" name="createTest" time="3.109"/>
  <system-out/>
</testsuite> <!-- com.rmgyantra.Different_ways_to_Post.createProjectUsingJSONFileTest -->
