<?xml version="1.0" encoding="UTF-8"?>
<!-- Generated by org.testng.reporters.JUnitReportReporter -->
<testsuite hostname="LAPTOP-DK6TK74Q" failures="0" tests="1" name="CRUD_Operation_WithOut_BDD.updateProjectTest" time="3.464" errors="0" timestamp="2021-12-08T15:09:06 IST" skipped="0">
  <testcase classname="CRUD_Operation_WithOut_BDD.updateProjectTest" name="update" time="3.464"/>
  <system-out/>
</testsuite> <!-- CRUD_Operation_WithOut_BDD.updateProjectTest -->
