<?xml version="1.0" encoding="UTF-8"?>
<!-- Generated by org.testng.reporters.JUnitReportReporter -->
<testsuite hostname="LAPTOP-DK6TK74Q" failures="0" tests="2" name="com.rmgyantra.Different_ways_to_Post.createProjectUsingPOJOTest" time="5.951" errors="0" timestamp="2021-12-09T14:47:35 IST" skipped="0">
  <testcase classname="com.rmgyantra.Different_ways_to_Post.createProjectUsingPOJOTest" name="createProject" time="5.796"/>
  <system-out/>
  <testcase classname="com.rmgyantra.Different_ways_to_Post.createProjectUsingPOJOTest" name="createProject" time="0.155"/>
  <system-out/>
</testsuite> <!-- com.rmgyantra.Different_ways_to_Post.createProjectUsingPOJOTest -->
