<?xml version="1.0" encoding="UTF-8"?>
<!-- Generated by org.testng.reporters.JUnitReportReporter -->
<testsuite hostname="LAPTOP-DK6TK74Q" failures="0" tests="1" name="com.rmgyantra.CRUD_Operation_With_BDD.createProjectTest" time="3.184" errors="0" timestamp="2021-12-08T15:49:42 IST" skipped="0">
  <testcase classname="com.rmgyantra.CRUD_Operation_With_BDD.createProjectTest" name="create" time="3.184"/>
  <system-out/>
</testsuite> <!-- com.rmgyantra.CRUD_Operation_With_BDD.createProjectTest -->
