<?xml version="1.0" encoding="UTF-8"?>
<!-- Generated by org.testng.reporters.JUnitReportReporter -->
<testsuite hostname="LAPTOP-DK6TK74Q" failures="0" tests="1" name="CRUD_Operation_WithOut_BDD.DeleteProjectTest" time="3.418" errors="0" timestamp="2021-12-07T16:54:43 IST" skipped="0">
  <testcase classname="CRUD_Operation_WithOut_BDD.DeleteProjectTest" name="deleteProjectTest" time="3.418"/>
  <system-out/>
</testsuite> <!-- CRUD_Operation_WithOut_BDD.DeleteProjectTest -->
