<?xml version="1.0" encoding="UTF-8"?>
<!-- Generated by org.testng.reporters.JUnitReportReporter -->
<testsuite hostname="LAPTOP-DK6TK74Q" failures="0" tests="1" name="com.rmgyantra.Hamcrest_Validation.ValidationHamcrestTest" time="5.947" errors="0" timestamp="2021-12-10T15:34:34 IST" skipped="0">
  <testcase classname="com.rmgyantra.Hamcrest_Validation.ValidationHamcrestTest" name="ham" time="5.947"/>
  <system-out/>
</testsuite> <!-- com.rmgyantra.Hamcrest_Validation.ValidationHamcrestTest -->
