<?xml version="1.0" encoding="UTF-8"?>
<!-- Generated by org.testng.reporters.JUnitReportReporter -->
<testsuite hostname="LAPTOP-DK6TK74Q" failures="0" tests="1" name="com.rmgyantra.Authentication.oAuthTest" time="4.437" errors="0" timestamp="2021-12-13T15:24:41 IST" skipped="0">
  <testcase classname="com.rmgyantra.Authentication.oAuthTest" name="oAuth" time="4.437"/>
  <system-out/>
</testsuite> <!-- com.rmgyantra.Authentication.oAuthTest -->
