<?xml version="1.0" encoding="UTF-8"?>
<!-- Generated by org.testng.reporters.JUnitReportReporter -->
<testsuite hostname="LAPTOP-DK6TK74Q" failures="0" tests="1" name="com.rmgyantra.Different_ways_to_Post.createProjectUsingHashMapTest" time="2.942" errors="0" timestamp="2021-12-08T16:59:57 IST" skipped="0">
  <testcase classname="com.rmgyantra.Different_ways_to_Post.createProjectUsingHashMapTest" name="createUsingHashMap" time="2.942"/>
  <system-out/>
</testsuite> <!-- com.rmgyantra.Different_ways_to_Post.createProjectUsingHashMapTest -->
