<?xml version="1.0" encoding="UTF-8"?>
<!-- Generated by org.testng.reporters.JUnitReportReporter -->
<testsuite hostname="LAPTOP-DK6TK74Q" failures="0" tests="1" name="com.rmgyantra.CRUD_Operation_With_BDD.updateProjectTest" time="3.048" errors="0" timestamp="2021-12-08T16:03:27 IST" skipped="0">
  <testcase classname="com.rmgyantra.CRUD_Operation_With_BDD.updateProjectTest" name="updateProject" time="3.048"/>
  <system-out/>
</testsuite> <!-- com.rmgyantra.CRUD_Operation_With_BDD.updateProjectTest -->
