<?xml version="1.0" encoding="UTF-8"?>
<!-- Generated by org.testng.reporters.JUnitReportReporter -->
<testsuite hostname="LAPTOP-DK6TK74Q" failures="0" tests="1" name="com.rmgyantra.Authentication.basicAuthTest" time="4.584" errors="0" timestamp="2021-12-10T15:53:35 IST" skipped="0">
  <testcase classname="com.rmgyantra.Authentication.basicAuthTest" name="basicAuth" time="4.584"/>
  <system-out/>
</testsuite> <!-- com.rmgyantra.Authentication.basicAuthTest -->
