<?xml version="1.0" encoding="UTF-8"?>
<!-- Generated by org.testng.reporters.JUnitReportReporter -->
<testsuite hostname="LAPTOP-DK6TK74Q" failures="0" tests="2" name="com.rmgyantra.Authentication.preemptiveAndDigestiveAuthTest" time="3.091" errors="0" timestamp="2021-12-10T16:24:35 IST" skipped="0">
  <testcase classname="com.rmgyantra.Authentication.preemptiveAndDigestiveAuthTest" name="preemptive" time="0.191"/>
  <system-out/>
  <testcase classname="com.rmgyantra.Authentication.preemptiveAndDigestiveAuthTest" name="digestive" time="2.900"/>
  <system-out/>
</testsuite> <!-- com.rmgyantra.Authentication.preemptiveAndDigestiveAuthTest -->
