<?xml version="1.0" encoding="UTF-8"?>
<!-- Generated by org.testng.reporters.JUnitReportReporter -->
<testsuite hostname="LAPTOP-DK6TK74Q" failures="0" tests="1" name="CRUD_Operation_WithOut_BDD.GetAllTheProjects" time="4.262" errors="0" timestamp="2021-12-08T14:49:32 IST" skipped="0">
  <testcase classname="CRUD_Operation_WithOut_BDD.GetAllTheProjects" name="getAllProjectsTest" time="4.262"/>
  <system-out/>
</testsuite> <!-- CRUD_Operation_WithOut_BDD.GetAllTheProjects -->
