<?xml version="1.0" encoding="UTF-8"?>
<!-- Generated by org.testng.reporters.JUnitReportReporter -->
<testsuite hostname="LAPTOP-DK6TK74Q" failures="0" tests="1" name="com.rmgyantra.End_to_End_Scenario.EndToEndScenarioTest" time="4.707" errors="0" timestamp="2021-12-11T12:16:27 IST" skipped="0">
  <testcase classname="com.rmgyantra.End_to_End_Scenario.EndToEndScenarioTest" name="endToEndScenario" time="4.707"/>
  <system-out/>
</testsuite> <!-- com.rmgyantra.End_to_End_Scenario.EndToEndScenarioTest -->
