<?xml version="1.0" encoding="UTF-8"?>
<!-- Generated by org.testng.reporters.JUnitReportReporter -->
<testsuite hostname="LAPTOP-DK6TK74Q" failures="0" tests="1" name="com.rmgyantra.Authentication.DemoTest" time="10.028" errors="0" timestamp="2021-12-13T15:39:40 IST" skipped="0">
  <testcase classname="com.rmgyantra.Authentication.DemoTest" name="demo" time="10.028"/>
  <system-out/>
</testsuite> <!-- com.rmgyantra.Authentication.DemoTest -->
