<?xml version="1.0" encoding="UTF-8"?>
<!-- Generated by org.testng.reporters.JUnitReportReporter -->
<testsuite hostname="LAPTOP-DK6TK74Q" failures="0" tests="1" name="com.ramgyantra.parameter.pathParameter" time="4.777" errors="0" timestamp="2021-12-09T16:20:47 IST" skipped="0">
  <testcase classname="com.ramgyantra.parameter.pathParameter" name="pathParameterTest" time="4.777"/>
  <system-out/>
</testsuite> <!-- com.ramgyantra.parameter.pathParameter -->
