<?xml version="1.0" encoding="UTF-8"?>
<!-- Generated by org.testng.reporters.JUnitReportReporter -->
<testsuite hostname="LAPTOP-DK6TK74Q" failures="0" tests="1" name="com.rmgyantra.ResponseValidation.staticResponseValidationTest" time="5.917" errors="0" timestamp="2021-12-09T15:23:10 IST" skipped="0">
  <testcase classname="com.rmgyantra.ResponseValidation.staticResponseValidationTest" name="staticResponse" time="5.917"/>
  <system-out/>
</testsuite> <!-- com.rmgyantra.ResponseValidation.staticResponseValidationTest -->
