<?xml version="1.0" encoding="UTF-8"?>
<!-- Generated by org.testng.reporters.JUnitReportReporter -->
<testsuite hostname="LAPTOP-DK6TK74Q" failures="0" tests="1" name="com.rmgyantra.Authentication.barerTokenTest" time="4.462" errors="0" timestamp="2021-12-10T16:00:50 IST" skipped="0">
  <testcase classname="com.rmgyantra.Authentication.barerTokenTest" name="barerToken" time="4.462"/>
  <system-out/>
</testsuite> <!-- com.rmgyantra.Authentication.barerTokenTest -->
