<?xml version="1.0" encoding="UTF-8"?>
<!-- Generated by org.testng.reporters.JUnitReportReporter -->
<testsuite hostname="LAPTOP-DK6TK74Q" failures="0" tests="1" name="com.rmgyantra.Different_ways_to_Post.createProjectUsingJSONObjectTest" time="3.894" errors="0" timestamp="2021-12-08T17:35:57 IST" skipped="0">
  <testcase classname="com.rmgyantra.Different_ways_to_Post.createProjectUsingJSONObjectTest" name="create" time="3.894"/>
  <system-out/>
</testsuite> <!-- com.rmgyantra.Different_ways_to_Post.createProjectUsingJSONObjectTest -->
