<?xml version="1.0" encoding="UTF-8"?>
<!-- Generated by org.testng.reporters.JUnitReportReporter -->
<testsuite hostname="LAPTOP-DK6TK74Q" failures="0" tests="1" name="com.rmgyantra.ResponseValidation.dynamicResponseValidationTest" time="5.572" errors="0" timestamp="2021-12-09T15:31:35 IST" skipped="0">
  <testcase classname="com.rmgyantra.ResponseValidation.dynamicResponseValidationTest" name="dynamicResponse" time="5.572"/>
  <system-out/>
</testsuite> <!-- com.rmgyantra.ResponseValidation.dynamicResponseValidationTest -->
