<?xml version="1.0" encoding="UTF-8"?>
<!-- Generated by org.testng.reporters.JUnitReportReporter -->
<testsuite hostname="LAPTOP-DK6TK74Q" failures="0" tests="1" name="com.rmgyantra.RequestChaining.requestChainingTest" time="3.913" errors="0" timestamp="2021-12-09T17:25:30 IST" skipped="0">
  <testcase classname="com.rmgyantra.RequestChaining.requestChainingTest" name="requestChaining" time="3.913"/>
  <system-out/>
</testsuite> <!-- com.rmgyantra.RequestChaining.requestChainingTest -->
