<?xml version="1.0" encoding="UTF-8"?>
<!-- Generated by org.testng.reporters.JUnitReportReporter -->
<testsuite hostname="LAPTOP-DK6TK74Q" failures="0" tests="1" name="CRUD_Operation_WithOut_BDD.createProjectTest" time="4.642" errors="0" timestamp="2021-12-08T15:04:42 IST" skipped="0">
  <testcase classname="CRUD_Operation_WithOut_BDD.createProjectTest" name="create" time="4.642"/>
  <system-out/>
</testsuite> <!-- CRUD_Operation_WithOut_BDD.createProjectTest -->
