<?xml version="1.0" encoding="UTF-8"?>
<!-- Generated by org.testng.reporters.JUnitReportReporter -->
<testsuite hostname="LAPTOP-DK6TK74Q" failures="0" tests="1" name="com.ramgyantra.parameter.queryParameterTest" time="5.703" errors="0" timestamp="2021-12-09T17:48:35 IST" skipped="0">
  <testcase classname="com.ramgyantra.parameter.queryParameterTest" name="queryParameter" time="5.703"/>
  <system-out/>
</testsuite> <!-- com.ramgyantra.parameter.queryParameterTest -->
